<?xml version="1.0" encoding="UTF-8"?>
<!-- Generated by org.testng.reporters.JUnitXMLReporter -->
<testsuite ignored="0" hostname="LAPTOP-55U1L3LS" failures="0" tests="8" name="Test" time="243.224" errors="0" timestamp="2023-03-23T12:25:45 IST">
  <testcase classname="com.BW.qa.testcases.SignUpTest" name="Signuptest" time="11.768"/>
  <testcase classname="com.BW.qa.testcases.AddToWishlistTest" name="hometest" time="22.363"/>
  <testcase classname="com.BW.qa.testcases.OrderBookTest" name="hometest" time="53.213"/>
  <testcase classname="com.BW.qa.testcases.LoginTest" name="Logintest" time="6.449"/>
  <testcase classname="com.BW.qa.testcases.LoginTest" name="URL" time="0.075"/>
  <testcase classname="com.BW.qa.testcases.LoginTest" name="MultiUserLogin" time="3.854"/>
  <testcase classname="com.BW.qa.testcases.LoginTest" name="MultiUserLogin" time="2.666"/>
  <testcase classname="com.BW.qa.testcases.ForgetPassTest" name="forgetPasstest" time="12.455"/>
</testsuite> <!-- Test -->
